0 info it worked if it ends with ok
1 verbose cli [ '/usr/local/bin/node', '/usr/local/bin/npm', 'run', 'build' ]
2 info using npm@4.0.5
3 info using node@v6.1.0
4 verbose run-script [ 'prebuild', 'build', 'postbuild' ]
5 info lifecycle app@0.1.0~prebuild: app@0.1.0
6 silly lifecycle app@0.1.0~prebuild: no script for prebuild, continuing
7 info lifecycle app@0.1.0~build: app@0.1.0
8 verbose lifecycle app@0.1.0~build: unsafe-perm in lifecycle true
9 verbose lifecycle app@0.1.0~build: PATH: /usr/local/lib/node_modules/npm/bin/node-gyp-bin:/Users/KTH/Documents/GitHub/CWDO/node_modules/.bin:/Users/KTH/work/fink-0.36.5/bin:/Users/KTH/work/fink-0.36.5/sbin:/Library/Frameworks/Python.framework/Versions/2.7/bin:/usr/local/apache-ant-1.9.6/bin:/usr/bin:/bin:/usr/sbin:/sbin:/usr/local/bin:/opt/X11/bin:/usr/local/git/bin:/Users/KTH/.node_modules_global/bin/
10 verbose lifecycle app@0.1.0~build: CWD: /Users/KTH/Documents/GitHub/CWDO
11 silly lifecycle app@0.1.0~build: Args: [ '-c', 'npm run build-css && react-scripts build' ]
12 silly lifecycle app@0.1.0~build: Returned: code: 1  signal: null
13 info lifecycle app@0.1.0~build: Failed to exec build script
14 verbose stack Error: app@0.1.0 build: `npm run build-css && react-scripts build`
14 verbose stack Exit status 1
14 verbose stack     at EventEmitter.<anonymous> (/usr/local/lib/node_modules/npm/lib/utils/lifecycle.js:279:16)
14 verbose stack     at emitTwo (events.js:106:13)
14 verbose stack     at EventEmitter.emit (events.js:191:7)
14 verbose stack     at ChildProcess.<anonymous> (/usr/local/lib/node_modules/npm/lib/utils/spawn.js:40:14)
14 verbose stack     at emitTwo (events.js:106:13)
14 verbose stack     at ChildProcess.emit (events.js:191:7)
14 verbose stack     at maybeClose (internal/child_process.js:850:16)
14 verbose stack     at Process.ChildProcess._handle.onexit (internal/child_process.js:215:5)
15 verbose pkgid app@0.1.0
16 verbose cwd /Users/KTH/Documents/GitHub/CWDO/src
17 error Darwin 16.5.0
18 error argv "/usr/local/bin/node" "/usr/local/bin/npm" "run" "build"
19 error node v6.1.0
20 error npm  v4.0.5
21 error code ELIFECYCLE
22 error app@0.1.0 build: `npm run build-css && react-scripts build`
22 error Exit status 1
23 error Failed at the app@0.1.0 build script 'npm run build-css && react-scripts build'.
23 error Make sure you have the latest version of node.js and npm installed.
23 error If you do, this is most likely a problem with the app package,
23 error not with npm itself.
23 error Tell the author that this fails on your system:
23 error     npm run build-css && react-scripts build
23 error You can get information on how to open an issue for this project with:
23 error     npm bugs app
23 error Or if that isn't available, you can get their info via:
23 error     npm owner ls app
23 error There is likely additional logging output above.
24 verbose exit [ 1, true ]
